<?xml version="1.0" encoding="UTF-8"?>
<testsuite name="analizator.OrfFinderTest" tests="2" skipped="0" failures="0" errors="0" timestamp="2026-05-06T19:40:33" hostname="raya-HN-WX9X" time="0.004">
  <properties/>
  <testcase name="returnEmptyListWhenNoOrfExists()" classname="analizator.OrfFinderTest" time="0.001"/>
  <testcase name="findThreeOrfsInFrameZero()" classname="analizator.OrfFinderTest" time="0.001"/>
  <system-out><![CDATA[]]></system-out>
  <system-err><![CDATA[]]></system-err>
</testsuite>
