<?xml version="1.0" encoding="UTF-8"?>
<testsuite name="analizator.DnaTranslatorTest" tests="2" skipped="0" failures="0" errors="0" timestamp="2026-05-06T19:40:32" hostname="raya-HN-WX9X" time="0.006">
  <properties/>
  <testcase name="translateSequenceUntilStopCodon()" classname="analizator.DnaTranslatorTest" time="0.002"/>
  <testcase name="translateAllOrfs()" classname="analizator.DnaTranslatorTest" time="0.002"/>
  <system-out><![CDATA[]]></system-out>
  <system-err><![CDATA[]]></system-err>
</testsuite>
